<?xml version="1.0" encoding="UTF-8"?>
<!-- Generated by org.testng.reporters.JUnitXMLReporter -->
<testsuite hostname="994560APD11QA12" ignored="0" name="Default test" tests="3" failures="0" timestamp="25 Oct 2018 20:57:57 GMT" time="31.232" errors="0">
  <testcase name="LoginIntoPrimero" time="2.875" classname="com.primero.qa.testcases.CreateCaseTest"/>
  <testcase name="CreateNewCaseForm" time="11.42" classname="com.primero.qa.testcases.CreateCaseTest"/>
  <testcase name="FeedDatatoNewCaseForm" time="12.118" classname="com.primero.qa.testcases.CreateCaseTest"/>
</testsuite> <!-- Default test -->
