<?xml version="1.0" encoding="UTF-8"?>
<!-- Generated by org.testng.reporters.JUnitXMLReporter -->
<testsuite hostname="994560APD11QA12" ignored="0" name="Create New Child Case" tests="3" failures="0" timestamp="25 Oct 2018 20:51:58 GMT" time="19.302" errors="0">
  <testcase name="LoginIntoPrimero" time="2.881" classname="com.primero.qa.testcases.CreateCaseTest"/>
  <testcase name="CreateNewCaseForm" time="11.399" classname="com.primero.qa.testcases.CreateCaseTest"/>
  <testcase name="FeedDatatoNewCaseForm" time="0.0" classname="com.primero.qa.testcases.CreateCaseTest">
    <skipped/>
  </testcase> <!-- FeedDatatoNewCaseForm -->
</testsuite> <!-- Create New Child Case -->
