<?xml version="1.0" encoding="UTF-8"?>
<testng-results skipped="0" failed="0" ignored="0" total="2" passed="2">
  <reporter-output>
  </reporter-output>
  <suite name="Default suite" duration-ms="16" started-at="2018-10-20T17:55:17Z" finished-at="2018-10-20T17:55:17Z">
    <groups>
    </groups>
    <test name="Default test" duration-ms="16" started-at="2018-10-20T17:55:17Z" finished-at="2018-10-20T17:55:17Z">
      <class name="TestNgPackage.TestNgClass">
        <test-method status="PASS" signature="close()[pri:0, instance:TestNgPackage.TestNgClass@51efea79]" name="close" is-config="true" duration-ms="0" started-at="2018-10-20T17:55:17Z" finished-at="2018-10-20T17:55:17Z">
          <reporter-output>
          </reporter-output>
        </test-method> <!-- close -->
        <test-method status="PASS" signature="Launch()[pri:0, instance:TestNgPackage.TestNgClass@51efea79]" name="Launch" is-config="true" duration-ms="0" started-at="2018-10-20T17:55:17Z" finished-at="2018-10-20T17:55:17Z">
          <reporter-output>
          </reporter-output>
        </test-method> <!-- Launch -->
        <test-method status="PASS" signature="Enteruser()[pri:1, instance:TestNgPackage.TestNgClass@51efea79]" name="Enteruser" duration-ms="0" started-at="2018-10-20T17:55:17Z" finished-at="2018-10-20T17:55:17Z">
          <reporter-output>
          </reporter-output>
        </test-method> <!-- Enteruser -->
        <test-method status="PASS" signature="Enterpwd()[pri:2, instance:TestNgPackage.TestNgClass@51efea79]" name="Enterpwd" duration-ms="0" started-at="2018-10-20T17:55:17Z" finished-at="2018-10-20T17:55:17Z">
          <reporter-output>
          </reporter-output>
        </test-method> <!-- Enterpwd -->
        <test-method status="PASS" signature="Launch()[pri:0, instance:TestNgPackage.TestNgClass@51efea79]" name="Launch" is-config="true" duration-ms="0" started-at="2018-10-20T17:55:17Z" finished-at="2018-10-20T17:55:17Z">
          <reporter-output>
          </reporter-output>
        </test-method> <!-- Launch -->
        <test-method status="PASS" signature="close()[pri:0, instance:TestNgPackage.TestNgClass@51efea79]" name="close" is-config="true" duration-ms="0" started-at="2018-10-20T17:55:17Z" finished-at="2018-10-20T17:55:17Z">
          <reporter-output>
          </reporter-output>
        </test-method> <!-- close -->
      </class> <!-- TestNgPackage.TestNgClass -->
    </test> <!-- Default test -->
  </suite> <!-- Default suite -->
</testng-results>
