<?xml version="1.0" encoding="UTF-8"?>
<testng-results skipped="0" failed="0" ignored="0" total="3" passed="3">
  <reporter-output>
  </reporter-output>
  <suite name="Default suite" duration-ms="31232" started-at="2018-10-25T20:57:25Z" finished-at="2018-10-25T20:57:57Z">
    <groups>
    </groups>
    <test name="Default test" duration-ms="31232" started-at="2018-10-25T20:57:25Z" finished-at="2018-10-25T20:57:57Z">
      <class name="com.primero.qa.testcases.CreateCaseTest">
        <test-method status="PASS" signature="setup()[pri:0, instance:com.primero.qa.testcases.CreateCaseTest@5e5792a0]" name="setup" is-config="true" duration-ms="4774" started-at="2018-10-25T16:57:25Z" finished-at="2018-10-25T16:57:30Z">
          <reporter-output>
          </reporter-output>
        </test-method> <!-- setup -->
        <test-method status="PASS" signature="LoginIntoPrimero()[pri:1, instance:com.primero.qa.testcases.CreateCaseTest@5e5792a0]" name="LoginIntoPrimero" duration-ms="2875" started-at="2018-10-25T16:57:30Z" finished-at="2018-10-25T16:57:33Z">
          <reporter-output>
          </reporter-output>
        </test-method> <!-- LoginIntoPrimero -->
        <test-method status="PASS" signature="CreateNewCaseForm()[pri:2, instance:com.primero.qa.testcases.CreateCaseTest@5e5792a0]" name="CreateNewCaseForm" duration-ms="11420" started-at="2018-10-25T16:57:33Z" finished-at="2018-10-25T16:57:44Z">
          <reporter-output>
          </reporter-output>
        </test-method> <!-- CreateNewCaseForm -->
        <test-method status="PASS" signature="FeedDatatoNewCaseForm(java.lang.String, java.lang.String, java.lang.String, java.lang.String, java.lang.String, java.lang.String, java.lang.String)[pri:2, instance:com.primero.qa.testcases.CreateCaseTest@5e5792a0]" name="FeedDatatoNewCaseForm" duration-ms="12118" started-at="2018-10-25T16:57:45Z" data-provider="getExcelCaseData" finished-at="2018-10-25T16:57:57Z">
          <params>
            <param index="0">
              <value>
                <![CDATA[Child1]]>
              </value>
            </param>
            <param index="1">
              <value>
                <![CDATA[Child1]]>
              </value>
            </param>
            <param index="2">
              <value>
                <![CDATA[5.0]]>
              </value>
            </param>
            <param index="3">
              <value>
                <![CDATA[Male]]>
              </value>
            </param>
            <param index="4">
              <value>
                <![CDATA[Yes]]>
              </value>
            </param>
            <param index="5">
              <value>
                <![CDATA[Angola|Algeria]]>
              </value>
            </param>
            <param index="6">
              <value>
                <![CDATA[Single]]>
              </value>
            </param>
          </params>
          <reporter-output>
          </reporter-output>
        </test-method> <!-- FeedDatatoNewCaseForm -->
        <test-method status="PASS" signature="teardown()[pri:0, instance:com.primero.qa.testcases.CreateCaseTest@5e5792a0]" name="teardown" is-config="true" duration-ms="0" started-at="2018-10-25T16:57:57Z" finished-at="2018-10-25T16:57:57Z">
          <reporter-output>
          </reporter-output>
        </test-method> <!-- teardown -->
      </class> <!-- com.primero.qa.testcases.CreateCaseTest -->
    </test> <!-- Default test -->
  </suite> <!-- Default suite -->
</testng-results>
